<?xml version="1.0" encoding="UTF-8"?>
<!-- Generated by org.testng.reporters.JUnitReportReporter -->
<testsuite hostname="LAPTOP-M3O83615" failures="0" tests="1" name="ScannerPack.ScannerClass3" time="6.361" errors="0" timestamp="2025-08-06T16:54:29 IST" skipped="0">
  <testcase classname="ScannerPack.ScannerClass3" name="agevalidations" time="6.361"/>
</testsuite> <!-- ScannerPack.ScannerClass3 -->
