<?xml version="1.0" encoding="UTF-8"?>
<!-- Generated by org.testng.reporters.JUnitReportReporter -->
<testsuite hostname="LAPTOP-M3O83615" failures="0" tests="1" name="AnnotationsPack.ApplicationAnnotation" time="1.308" errors="0" timestamp="2025-08-01T15:45:27 IST" skipped="0">
  <testcase classname="AnnotationsPack.ApplicationAnnotation" name="Titleafterlogin" time="1.308"/>
</testsuite> <!-- AnnotationsPack.ApplicationAnnotation -->
