<?xml version="1.0" encoding="UTF-8"?>
<!-- Generated by org.testng.reporters.JUnitReportReporter -->
<testsuite hostname="LAPTOP-M3O83615" failures="0" tests="3" name="FailedTestCasesPack.AnimalClass3" time="0.012" errors="0" timestamp="2025-07-31T14:41:14 IST" skipped="0">
  <testcase classname="FailedTestCasesPack.AnimalClass3" name="bfl" time="0.003"/>
  <testcase classname="FailedTestCasesPack.AnimalClass3" name="mse" time="0.004"/>
  <testcase classname="FailedTestCasesPack.AnimalClass3" name="cw" time="0.005"/>
</testsuite> <!-- FailedTestCasesPack.AnimalClass3 -->
