<?xml version="1.0" encoding="UTF-8"?>
<!-- Generated by org.testng.reporters.JUnitReportReporter -->
<testsuite hostname="LAPTOP-M3O83615" failures="0" tests="2" name="DataProviderPack.Dataproviderapplication" time="6.181" errors="0" timestamp="2025-08-05T14:42:52 IST" skipped="0">
  <testcase classname="DataProviderPack.Dataproviderapplication" name="TestCase" time="3.615"/>
  <testcase classname="DataProviderPack.Dataproviderapplication" name="TestCase" time="2.566"/>
</testsuite> <!-- DataProviderPack.Dataproviderapplication -->
