<?xml version="1.0" encoding="UTF-8"?>
<!-- Generated by org.testng.reporters.JUnitReportReporter -->
<testsuite hostname="LAPTOP-M3O83615" failures="0" tests="1" name="WaitingPack.ExplicitlyClass1" time="4.375" errors="0" timestamp="2025-08-06T15:48:24 IST" skipped="0">
  <testcase classname="WaitingPack.ExplicitlyClass1" name="f" time="4.375"/>
</testsuite> <!-- WaitingPack.ExplicitlyClass1 -->
