<?xml version="1.0" encoding="UTF-8"?>
<!-- Generated by org.testng.reporters.JUnitReportReporter -->
<testsuite hostname="LAPTOP-M3O83615" failures="0" tests="1" name="AdvanceXpath.FollowingClass1" time="4.807" errors="0" timestamp="2025-08-03T13:01:37 IST" skipped="0">
  <testcase classname="AdvanceXpath.FollowingClass1" name="xpath" time="4.807"/>
</testsuite> <!-- AdvanceXpath.FollowingClass1 -->
