<?xml version="1.0" encoding="UTF-8"?>
<!-- Generated by org.testng.reporters.JUnitReportReporter -->
<testsuite hostname="LAPTOP-M3O83615" failures="0" tests="1" name="ExceptionPack.ExceptionClass3" time="3.018" errors="0" timestamp="2025-08-11T11:34:42 IST" skipped="0">
  <testcase classname="ExceptionPack.ExceptionClass3" name="data" time="3.018"/>
</testsuite> <!-- ExceptionPack.ExceptionClass3 -->
