<?xml version="1.0" encoding="UTF-8"?>
<!-- Generated by org.testng.reporters.JUnitReportReporter -->
<testsuite hostname="LAPTOP-M3O83615" failures="0" tests="3" name="FailedTestCasesPack.AnimalClass1" time="0.025" errors="0" timestamp="2025-07-31T14:41:14 IST" skipped="0">
  <testcase classname="FailedTestCasesPack.AnimalClass1" name="ox" time="0.021"/>
  <testcase classname="FailedTestCasesPack.AnimalClass1" name="fx" time="0.002"/>
  <testcase classname="FailedTestCasesPack.AnimalClass1" name="hrs" time="0.002"/>
</testsuite> <!-- FailedTestCasesPack.AnimalClass1 -->
