<?xml version="1.0" encoding="UTF-8"?>
<!-- Generated by org.testng.reporters.JUnitReportReporter -->
<testsuite hostname="LAPTOP-M3O83615" failures="0" tests="2" name="ParallelPack.ParallelApp" time="8.523" errors="0" timestamp="2025-08-04T15:06:27 IST" skipped="0">
  <testcase classname="ParallelPack.ParallelApp" name="OrangeHRM" time="2.814"/>
  <testcase classname="ParallelPack.ParallelApp" name="Google" time="5.709"/>
</testsuite> <!-- ParallelPack.ParallelApp -->
