<?xml version="1.0" encoding="UTF-8"?>
<!-- Generated by org.testng.reporters.JUnitReportReporter -->
<testsuite hostname="LAPTOP-M3O83615" failures="0" tests="1" name="CssSelector.CssSelectorClass5" time="2.410" errors="0" timestamp="2025-08-03T15:22:37 IST" skipped="0">
  <testcase classname="CssSelector.CssSelectorClass5" name="CssSelector" time="2.410"/>
</testsuite> <!-- CssSelector.CssSelectorClass5 -->
