<?xml version="1.0" encoding="UTF-8"?>
<!-- Generated by org.testng.reporters.JUnitReportReporter -->
<testsuite hostname="LAPTOP-M3O83615" failures="0" tests="1" name="ExceptionPack.ExceptionClass4" time="3.201" errors="0" timestamp="2025-08-11T11:47:14 IST" skipped="0">
  <testcase classname="ExceptionPack.ExceptionClass4" name="data" time="3.201"/>
</testsuite> <!-- ExceptionPack.ExceptionClass4 -->
