<?xml version="1.0" encoding="UTF-8"?>
<!-- Generated by org.testng.reporters.JUnitReportReporter -->
<testsuite hostname="LAPTOP-M3O83615" failures="0" tests="1" name="AnnotationsPack.AnnoClass" time="0.007" errors="0" timestamp="2025-08-01T11:34:10 IST" skipped="0">
  <testcase classname="AnnotationsPack.AnnoClass" name="OriginalTestCase" time="0.007"/>
</testsuite> <!-- AnnotationsPack.AnnoClass -->
