<?xml version="1.0" encoding="UTF-8"?>
<!-- Generated by org.testng.reporters.JUnitReportReporter -->
<testsuite hostname="LAPTOP-M3O83615" failures="0" tests="7" name="SkipPack.MyAnimals" time="0.035" errors="0" timestamp="2025-08-01T16:04:45 IST" skipped="3">
  <testcase classname="SkipPack.MyAnimals" name="f" time="0.000"/>
  <testcase classname="SkipPack.MyAnimals" name="rt" time="0.002"/>
  <testcase classname="SkipPack.MyAnimals" name="drivingtest" time="0.002">
    <skipped/>
  </testcase> <!-- drivingtest -->
  <testcase classname="SkipPack.MyAnimals" name="hrs" time="0.008"/>
  <testcase classname="SkipPack.MyAnimals" name="ox" time="0.004"/>
  <testcase classname="SkipPack.MyAnimals" name="dr" time="0.019">
    <skipped/>
  </testcase> <!-- dr -->
  <testcase classname="SkipPack.MyAnimals" name="fx">
    <skipped/>
  </testcase> <!-- fx -->
</testsuite> <!-- SkipPack.MyAnimals -->
