<?xml version="1.0" encoding="UTF-8"?>
<!-- Generated by org.testng.reporters.JUnitReportReporter -->
<testsuite hostname="LAPTOP-M3O83615" failures="0" tests="2" name="ScreenShotsPack.MyScreenshotClass2" time="10.071" errors="0" timestamp="2025-08-05T16:17:10 IST" skipped="0">
  <testcase classname="ScreenShotsPack.MyScreenshotClass2" name="imageplease" time="9.771"/>
  <testcase classname="ScreenShotsPack.MyScreenshotClass2" name="ss" time="0.300"/>
</testsuite> <!-- ScreenShotsPack.MyScreenshotClass2 -->
