<?xml version="1.0" encoding="UTF-8"?>
<!-- Generated by org.testng.reporters.JUnitReportReporter -->
<testsuite hostname="LAPTOP-M3O83615" failures="0" tests="1" name="AdvanceXpath.AncestorsClass1" time="3.686" errors="0" timestamp="2025-08-03T13:43:21 IST" skipped="0">
  <testcase classname="AdvanceXpath.AncestorsClass1" name="xpath" time="3.686"/>
</testsuite> <!-- AdvanceXpath.AncestorsClass1 -->
