<?xml version="1.0" encoding="UTF-8"?>
<!-- Generated by org.testng.reporters.JUnitReportReporter -->
<testsuite hostname="LAPTOP-M3O83615" failures="0" tests="1" name="ScannerPack.ScannerClass5" time="5.134" errors="0" timestamp="2025-08-06T17:00:54 IST" skipped="0">
  <testcase classname="ScannerPack.ScannerClass5" name="agevalidations" time="5.134"/>
</testsuite> <!-- ScannerPack.ScannerClass5 -->
