<?xml version="1.0" encoding="UTF-8"?>
<!-- Generated by org.testng.reporters.JUnitReportReporter -->
<testsuite hostname="LAPTOP-M3O83615" failures="0" tests="1" name="JavascriptExecutorPack.JSEClass4" time="24.575" errors="0" timestamp="2025-08-05T17:01:29 IST" skipped="0">
  <testcase classname="JavascriptExecutorPack.JSEClass4" name="f" time="24.575"/>
</testsuite> <!-- JavascriptExecutorPack.JSEClass4 -->
