<?xml version="1.0" encoding="UTF-8"?>
<!-- Generated by org.testng.reporters.JUnitReportReporter -->
<testsuite hostname="LAPTOP-M3O83615" failures="0" tests="1" name="WorkingwithExcel.ReadingExcelClass2" time="1.185" errors="0" timestamp="2025-08-08T10:32:35 IST" skipped="0">
  <testcase classname="WorkingwithExcel.ReadingExcelClass2" name="exceldata" time="1.185"/>
</testsuite> <!-- WorkingwithExcel.ReadingExcelClass2 -->
