<?xml version="1.0" encoding="UTF-8"?>
<!-- Generated by org.testng.reporters.JUnitReportReporter -->
<testsuite hostname="LAPTOP-M3O83615" failures="0" tests="1" name="CssSelector.CssSelectorClass4" time="1.832" errors="0" timestamp="2025-08-03T15:21:49 IST" skipped="0">
  <testcase classname="CssSelector.CssSelectorClass4" name="CssSelector" time="1.832"/>
</testsuite> <!-- CssSelector.CssSelectorClass4 -->
