<?xml version="1.0" encoding="UTF-8"?>
<!-- Generated by org.testng.reporters.JUnitReportReporter -->
<testsuite hostname="LAPTOP-M3O83615" failures="0" tests="1" name="ScannerPack.ScannerClass6" time="5.791" errors="0" timestamp="2025-08-06T17:03:32 IST" skipped="0">
  <testcase classname="ScannerPack.ScannerClass6" name="agevalidations" time="5.791"/>
</testsuite> <!-- ScannerPack.ScannerClass6 -->
