<?xml version="1.0" encoding="UTF-8"?>
<!-- Generated by org.testng.reporters.JUnitReportReporter -->
<testsuite hostname="LAPTOP-M3O83615" failures="0" tests="1" name="ScreenShotsPack.MyScreenshotClass3" time="9.557" errors="0" timestamp="2025-08-05T16:17:32 IST" skipped="0">
  <testcase classname="ScreenShotsPack.MyScreenshotClass3" name="imageplease" time="9.557"/>
</testsuite> <!-- ScreenShotsPack.MyScreenshotClass3 -->
