<?xml version="1.0" encoding="UTF-8"?>
<!-- Generated by org.testng.reporters.JUnitReportReporter -->
<testsuite hostname="LAPTOP-M3O83615" failures="0" tests="1" name="ScannerPack.ScannerClass4" time="0.014" errors="0" timestamp="2025-08-06T16:59:18 IST" skipped="0">
  <testcase classname="ScannerPack.ScannerClass4" name="agevalidations" time="0.014"/>
</testsuite> <!-- ScannerPack.ScannerClass4 -->
