<?xml version="1.0" encoding="UTF-8"?>
<!-- Generated by org.testng.reporters.JUnitReportReporter -->
<testsuite hostname="LAPTOP-M3O83615" failures="0" tests="1" name="XpathPack.RelativeXpathClass1" time="3.377" errors="0" timestamp="2025-08-02T17:01:00 IST" skipped="0">
  <testcase classname="XpathPack.RelativeXpathClass1" name="f" time="3.377"/>
</testsuite> <!-- XpathPack.RelativeXpathClass1 -->
