<?xml version="1.0" encoding="UTF-8"?>
<!-- Generated by org.testng.reporters.JUnitReportReporter -->
<testsuite hostname="LAPTOP-M3O83615" failures="0" tests="1" name="ScreenShotsPack.Hello" time="0.016" errors="0" timestamp="2025-08-05T15:21:18 IST" skipped="0">
  <testcase classname="ScreenShotsPack.Hello" name="M1" time="0.016"/>
</testsuite> <!-- ScreenShotsPack.Hello -->
