<?xml version="1.0" encoding="UTF-8"?>
<!-- Generated by org.testng.reporters.JUnitReportReporter -->
<testsuite hostname="LAPTOP-M3O83615" failures="0" tests="1" name="AdvanceXpath.StartswithClass1" time="3.434" errors="0" timestamp="2025-08-02T17:52:16 IST" skipped="0">
  <testcase classname="AdvanceXpath.StartswithClass1" name="f" time="3.434"/>
</testsuite> <!-- AdvanceXpath.StartswithClass1 -->
