<?xml version="1.0" encoding="UTF-8"?>
<!-- Generated by org.testng.reporters.JUnitReportReporter -->
<testsuite hostname="LAPTOP-M3O83615" failures="0" tests="1" name="JavascriptExecutorPack.JSEClass1" time="20.112" errors="0" timestamp="2025-08-05T16:33:14 IST" skipped="0">
  <testcase classname="JavascriptExecutorPack.JSEClass1" name="f" time="20.112"/>
</testsuite> <!-- JavascriptExecutorPack.JSEClass1 -->
