<?xml version="1.0" encoding="UTF-8"?>
<!-- Generated by org.testng.reporters.JUnitReportReporter -->
<testsuite hostname="LAPTOP-M3O83615" failures="0" tests="1" name="WaitingPack.WaitingClass1" time="14.733" errors="0" timestamp="2025-08-06T15:14:38 IST" skipped="0">
  <testcase classname="WaitingPack.WaitingClass1" name="waiting" time="14.733"/>
</testsuite> <!-- WaitingPack.WaitingClass1 -->
