<?xml version="1.0" encoding="UTF-8"?>
<!-- Generated by org.testng.reporters.JUnitReportReporter -->
<testsuite hostname="LAPTOP-M3O83615" failures="0" tests="1" name="AdvanceXpath.FollowingSiblingClass1" time="3.960" errors="0" timestamp="2025-08-03T13:24:30 IST" skipped="0">
  <testcase classname="AdvanceXpath.FollowingSiblingClass1" name="xpath" time="3.960"/>
</testsuite> <!-- AdvanceXpath.FollowingSiblingClass1 -->
