<?xml version="1.0" encoding="UTF-8"?>
<!-- Generated by org.testng.reporters.JUnitReportReporter -->
<testsuite hostname="LAPTOP-M3O83615" failures="0" tests="1" name="ScreenShotsPack.MyScreenshotClass1" time="6.286" errors="0" timestamp="2025-08-05T15:13:43 IST" skipped="0">
  <testcase classname="ScreenShotsPack.MyScreenshotClass1" name="imageplease" time="6.286"/>
</testsuite> <!-- ScreenShotsPack.MyScreenshotClass1 -->
