<?xml version="1.0" encoding="UTF-8"?>
<!-- Generated by org.testng.reporters.JUnitReportReporter -->
<testsuite hostname="LAPTOP-M3O83615" failures="0" tests="3" name="ParallelPack.Calculating" time="17.048" errors="0" timestamp="2025-08-04T14:52:02 IST" skipped="0">
  <testcase classname="ParallelPack.Calculating" name="Pro" time="8.013"/>
  <testcase classname="ParallelPack.Calculating" name="Div" time="4.016"/>
  <testcase classname="ParallelPack.Calculating" name="Add" time="5.019"/>
</testsuite> <!-- ParallelPack.Calculating -->
