<?xml version="1.0" encoding="UTF-8"?>
<!-- Generated by org.testng.reporters.JUnitReportReporter -->
<testsuite hostname="LAPTOP-M3O83615" failures="0" tests="1" name="WorkingwithExcel.ReadingExcelClass5" time="6.282" errors="0" timestamp="2025-08-08T10:53:42 IST" skipped="0">
  <testcase classname="WorkingwithExcel.ReadingExcelClass5" name="exceldata" time="6.282"/>
</testsuite> <!-- WorkingwithExcel.ReadingExcelClass5 -->
