<?xml version="1.0" encoding="UTF-8"?>
<!-- Generated by org.testng.reporters.JUnitReportReporter -->
<testsuite hostname="LAPTOP-M3O83615" failures="0" tests="3" name="GroupTestingPack.Class1" time="0.017" errors="0" timestamp="2025-08-25T10:50:32 IST" skipped="0">
  <testcase classname="GroupTestingPack.Class1" name="TestCase2Class1" time="0.002"/>
  <testcase classname="GroupTestingPack.Class1" name="TestCase3Class1" time="0.002"/>
  <testcase classname="GroupTestingPack.Class1" name="TestCase1Class1" time="0.013"/>
</testsuite> <!-- GroupTestingPack.Class1 -->
