<?xml version="1.0" encoding="UTF-8"?>
<!-- Generated by org.testng.reporters.JUnitReportReporter -->
<testsuite hostname="LAPTOP-M3O83615" failures="0" tests="2" name="DataProviderPack.MyneededData" time="0.019" errors="0" timestamp="2025-08-04T17:02:07 IST" skipped="0">
  <testcase classname="DataProviderPack.MyneededData" name="TestCase" time="0.016"/>
  <testcase classname="DataProviderPack.MyneededData" name="TestCase" time="0.003"/>
</testsuite> <!-- DataProviderPack.MyneededData -->
