<?xml version="1.0" encoding="UTF-8"?>
<!-- Generated by org.testng.reporters.JUnitReportReporter -->
<testsuite hostname="LAPTOP-M3O83615" failures="0" tests="1" name="JavascriptExecutorPack.JSEClass5" time="9.789" errors="0" timestamp="2025-08-05T17:13:30 IST" skipped="0">
  <testcase classname="JavascriptExecutorPack.JSEClass5" name="f" time="9.789"/>
</testsuite> <!-- JavascriptExecutorPack.JSEClass5 -->
