<?xml version="1.0" encoding="UTF-8"?>
<!-- Generated by org.testng.reporters.JUnitReportReporter -->
<testsuite hostname="LAPTOP-M3O83615" failures="0" tests="1" name="ExceptionPack.ExceptionClass2" time="0.012" errors="0" timestamp="2025-08-11T11:29:52 IST" skipped="0">
  <testcase classname="ExceptionPack.ExceptionClass2" name="data" time="0.012"/>
</testsuite> <!-- ExceptionPack.ExceptionClass2 -->
