<?xml version="1.0" encoding="UTF-8"?>
<!-- Generated by org.testng.reporters.JUnitReportReporter -->
<testsuite hostname="LAPTOP-M3O83615" failures="0" tests="1" name="WorkingwithExcel.WritingExcelClass1" time="1.726" errors="0" timestamp="2025-08-22T10:14:00 IST" skipped="0">
  <testcase classname="WorkingwithExcel.WritingExcelClass1" name="exceldata" time="1.726"/>
</testsuite> <!-- WorkingwithExcel.WritingExcelClass1 -->
