<?xml version="1.0" encoding="UTF-8"?>
<!-- Generated by org.testng.reporters.JUnitReportReporter -->
<testsuite hostname="LAPTOP-M3O83615" failures="0" tests="1" name="XpathPack.RelativeXpathClass2" time="2.867" errors="0" timestamp="2025-08-03T15:09:58 IST" skipped="0">
  <testcase classname="XpathPack.RelativeXpathClass2" name="f" time="2.867"/>
</testsuite> <!-- XpathPack.RelativeXpathClass2 -->
