<?xml version="1.0" encoding="UTF-8"?>
<!-- Generated by org.testng.reporters.JUnitReportReporter -->
<testsuite hostname="LAPTOP-M3O83615" failures="0" tests="3" name="GroupTestingPack.Class3" time="0.005" errors="0" timestamp="2025-08-25T10:50:32 IST" skipped="0">
  <testcase classname="GroupTestingPack.Class3" name="TestCase3Class3" time="0.001"/>
  <testcase classname="GroupTestingPack.Class3" name="TestCase2Class3" time="0.002"/>
  <testcase classname="GroupTestingPack.Class3" name="TestCase1Class3" time="0.002"/>
</testsuite> <!-- GroupTestingPack.Class3 -->
