<?xml version="1.0" encoding="UTF-8"?>
<!-- Generated by org.testng.reporters.JUnitReportReporter -->
<testsuite hostname="LAPTOP-M3O83615" failures="0" tests="1" name="XpathPack.AbsoluteXpathClass1" time="0.668" errors="0" timestamp="2025-08-02T16:38:38 IST" skipped="0">
  <testcase classname="XpathPack.AbsoluteXpathClass1" name="Titleafterlogin" time="0.668"/>
</testsuite> <!-- XpathPack.AbsoluteXpathClass1 -->
