<?xml version="1.0" encoding="UTF-8"?>
<!-- Generated by org.testng.reporters.JUnitReportReporter -->
<testsuite hostname="LAPTOP-M3O83615" failures="0" tests="5" name="TestNGPack1.AnimalClass1" time="0.036" errors="0" timestamp="2025-07-30T14:45:53 IST" skipped="0">
  <testcase classname="TestNGPack1.AnimalClass1" name="dr" time="0.022"/>
  <testcase classname="TestNGPack1.AnimalClass1" name="fx" time="0.003"/>
  <testcase classname="TestNGPack1.AnimalClass1" name="hrs" time="0.004"/>
  <testcase classname="TestNGPack1.AnimalClass1" name="ox" time="0.004"/>
  <testcase classname="TestNGPack1.AnimalClass1" name="rt" time="0.003"/>
</testsuite> <!-- TestNGPack1.AnimalClass1 -->
