<?xml version="1.0" encoding="UTF-8"?>
<!-- Generated by org.testng.reporters.JUnitReportReporter -->
<testsuite hostname="LAPTOP-M3O83615" failures="0" tests="1" name="AdvanceXpath.ContainswithClass1" time="3.042" errors="0" timestamp="2025-08-02T18:05:27 IST" skipped="0">
  <testcase classname="AdvanceXpath.ContainswithClass1" name="f" time="3.042"/>
</testsuite> <!-- AdvanceXpath.ContainswithClass1 -->
