<?xml version="1.0" encoding="UTF-8"?>
<!-- Generated by org.testng.reporters.JUnitReportReporter -->
<testsuite hostname="LAPTOP-M3O83615" failures="0" tests="1" name="JavascriptExecutorPack.JSEClass2" time="23.579" errors="0" timestamp="2025-08-05T16:44:52 IST" skipped="0">
  <testcase classname="JavascriptExecutorPack.JSEClass2" name="f" time="23.579"/>
</testsuite> <!-- JavascriptExecutorPack.JSEClass2 -->
