<?xml version="1.0" encoding="UTF-8"?>
<!-- Generated by org.testng.reporters.JUnitReportReporter -->
<testsuite hostname="LAPTOP-M3O83615" failures="0" tests="1" name="WorkingwithExcel.ReadingExcelClass1" time="1.143" errors="0" timestamp="2025-08-08T10:25:24 IST" skipped="0">
  <testcase classname="WorkingwithExcel.ReadingExcelClass1" name="exceldata" time="1.143"/>
</testsuite> <!-- WorkingwithExcel.ReadingExcelClass1 -->
