<?xml version="1.0" encoding="UTF-8"?>
<!-- Generated by org.testng.reporters.JUnitReportReporter -->
<testsuite hostname="LAPTOP-M3O83615" failures="0" tests="1" name="CssSelector.CssSelectorClass1" time="1.571" errors="0" timestamp="2025-08-03T15:15:30 IST" skipped="0">
  <testcase classname="CssSelector.CssSelectorClass1" name="CssSelector" time="1.571"/>
</testsuite> <!-- CssSelector.CssSelectorClass1 -->
