<?xml version="1.0" encoding="UTF-8"?>
<!-- Generated by org.testng.reporters.JUnitReportReporter -->
<testsuite hostname="LAPTOP-M3O83615" failures="0" tests="1" name="ScannerPack.ScannerClass1" time="0.021" errors="0" timestamp="2025-08-06T16:47:41 IST" skipped="0">
  <testcase classname="ScannerPack.ScannerClass1" name="agevalidations" time="0.021"/>
</testsuite> <!-- ScannerPack.ScannerClass1 -->
