<?xml version="1.0" encoding="UTF-8"?>
<!-- Generated by org.testng.reporters.JUnitReportReporter -->
<testsuite hostname="LAPTOP-M3O83615" failures="0" tests="1" name="WorkingwithExcel.WritingExcelClass2" time="1.241" errors="0" timestamp="2025-08-08T10:50:00 IST" skipped="0">
  <testcase classname="WorkingwithExcel.WritingExcelClass2" name="exceldata" time="1.241"/>
</testsuite> <!-- WorkingwithExcel.WritingExcelClass2 -->
