<?xml version="1.0" encoding="UTF-8"?>
<!-- Generated by org.testng.reporters.JUnitReportReporter -->
<testsuite hostname="LAPTOP-M3O83615" failures="0" tests="3" name="GroupTestingPack.Class2" time="0.007" errors="0" timestamp="2025-08-25T10:50:32 IST" skipped="0">
  <testcase classname="GroupTestingPack.Class2" name="TestCase1Class2" time="0.002"/>
  <testcase classname="GroupTestingPack.Class2" name="TestCase2Class2" time="0.002"/>
  <testcase classname="GroupTestingPack.Class2" name="TestCase3Class2" time="0.003"/>
</testsuite> <!-- GroupTestingPack.Class2 -->
