<?xml version="1.0" encoding="UTF-8"?>
<!-- Generated by org.testng.reporters.JUnitReportReporter -->
<testsuite hostname="LAPTOP-M3O83615" failures="0" tests="1" name="ExceptionPack.ExceptionClass6" time="6.249" errors="0" timestamp="2025-08-11T12:05:29 IST" skipped="0">
  <testcase classname="ExceptionPack.ExceptionClass6" name="data" time="6.249"/>
</testsuite> <!-- ExceptionPack.ExceptionClass6 -->
