<?xml version="1.0" encoding="UTF-8"?>
<!-- Generated by org.testng.reporters.JUnitReportReporter -->
<testsuite hostname="LAPTOP-M3O83615" failures="0" tests="3" name="FailedTestCasesPack.AnimalClass2" time="0.010" errors="0" timestamp="2025-07-31T14:41:14 IST" skipped="0">
  <testcase classname="FailedTestCasesPack.AnimalClass2" name="mnk" time="0.003"/>
  <testcase classname="FailedTestCasesPack.AnimalClass2" name="dnk" time="0.003"/>
  <testcase classname="FailedTestCasesPack.AnimalClass2" name="hn" time="0.004"/>
</testsuite> <!-- FailedTestCasesPack.AnimalClass2 -->
