<?xml version="1.0" encoding="UTF-8"?>
<!-- Generated by org.testng.reporters.JUnitReportReporter -->
<testsuite hostname="LAPTOP-M3O83615" failures="0" tests="5" name="TestNGPack1.TestNGClass1" time="0.032" errors="0" timestamp="2025-07-30T10:32:23 IST" skipped="0">
  <testcase classname="TestNGPack1.TestNGClass1" name="TestCase1" time="0.023"/>
  <testcase classname="TestNGPack1.TestNGClass1" name="TestCase2" time="0.003"/>
  <testcase classname="TestNGPack1.TestNGClass1" name="TestCase3" time="0.002"/>
  <testcase classname="TestNGPack1.TestNGClass1" name="TestCase4" time="0.002"/>
  <testcase classname="TestNGPack1.TestNGClass1" name="TestCase5" time="0.002"/>
</testsuite> <!-- TestNGPack1.TestNGClass1 -->
