<?xml version="1.0" encoding="UTF-8"?>
<!-- Generated by org.testng.reporters.JUnitReportReporter -->
<testsuite hostname="LAPTOP-M3O83615" failures="0" tests="1" name="ExceptionPack.ExceptionClass5" time="5.498" errors="0" timestamp="2025-08-11T11:56:50 IST" skipped="0">
  <testcase classname="ExceptionPack.ExceptionClass5" name="data" time="5.498"/>
</testsuite> <!-- ExceptionPack.ExceptionClass5 -->
