<?xml version="1.0" encoding="UTF-8"?>
<!-- Generated by org.testng.reporters.JUnitReportReporter -->
<testsuite hostname="LAPTOP-M3O83615" failures="0" tests="3" name="ProrityPack.AnimalsNames" time="0.012" errors="0" timestamp="2025-07-31T15:13:41 IST" skipped="0">
  <testcase classname="ProrityPack.AnimalsNames" name="fox" time="0.009"/>
  <testcase classname="ProrityPack.AnimalsNames" name="hen" time="0.001"/>
  <testcase classname="ProrityPack.AnimalsNames" name="jaguar" time="0.002"/>
</testsuite> <!-- ProrityPack.AnimalsNames -->
