<?xml version="1.0" encoding="UTF-8"?>
<!-- Generated by org.testng.reporters.JUnitReportReporter -->
<testsuite hostname="LAPTOP-M3O83615" failures="0" tests="1" name="WaitingPack.ImplicitlyClass1" time="4.094" errors="0" timestamp="2025-08-06T15:22:42 IST" skipped="0">
  <testcase classname="WaitingPack.ImplicitlyClass1" name="f" time="4.094"/>
</testsuite> <!-- WaitingPack.ImplicitlyClass1 -->
