<?xml version="1.0" encoding="UTF-8"?>
<!-- Generated by org.testng.reporters.JUnitReportReporter -->
<testsuite hostname="LAPTOP-M3O83615" failures="0" tests="1" name="ParameterPack.BrowserCheck" time="5.305" errors="0" timestamp="2025-08-04T16:43:08 IST" skipped="0">
  <testcase classname="ParameterPack.BrowserCheck" name="OpeningMyBro" time="5.305"/>
</testsuite> <!-- ParameterPack.BrowserCheck -->
