<?xml version="1.0" encoding="UTF-8"?>
<!-- Generated by org.testng.reporters.JUnitReportReporter -->
<testsuite hostname="LAPTOP-M3O83615" failures="0" tests="2" name="InterviewPack.Interviewtest" time="73.000" errors="0" timestamp="2025-09-12T22:34:40 IST" skipped="0">
  <testcase classname="InterviewPack.Interviewtest" name="edge" time="24.979"/>
  <testcase classname="InterviewPack.Interviewtest" name="firefox" time="48.021"/>
</testsuite> <!-- InterviewPack.Interviewtest -->
