<?xml version="1.0" encoding="UTF-8"?>
<!-- Generated by org.testng.reporters.JUnitReportReporter -->
<testsuite hostname="LAPTOP-M3O83615" failures="0" tests="2" name="RunningVehicleInsurance.Scripting" time="17.746" errors="0" timestamp="2025-10-02T17:17:56 IST" skipped="0">
  <testcase classname="RunningVehicleInsurance.Scripting" name="login" time="1.728"/>
  <testcase classname="RunningVehicleInsurance.Scripting" name="testcases" time="16.018"/>
</testsuite> <!-- RunningVehicleInsurance.Scripting -->
