<?xml version="1.0" encoding="UTF-8"?>
<!-- Generated by org.testng.reporters.JUnitReportReporter -->
<testsuite hostname="LAPTOP-M3O83615" failures="0" tests="1" name="RunningVehicleInsurance.ExecuteTestCases" time="60.852" errors="0" timestamp="2025-10-02T17:40:35 IST" skipped="0">
  <testcase classname="RunningVehicleInsurance.ExecuteTestCases" name="testcases" time="60.852"/>
</testsuite> <!-- RunningVehicleInsurance.ExecuteTestCases -->
