<?xml version="1.0" encoding="UTF-8"?>
<!-- Generated by org.testng.reporters.JUnitReportReporter -->
<testsuite hostname="LAPTOP-M3O83615" failures="0" tests="1" name="POMTestCases.ScriptPOM" time="11.253" errors="0" timestamp="2025-10-02T17:17:56 IST" skipped="0">
  <testcase classname="POMTestCases.ScriptPOM" name="Testing" time="11.253"/>
</testsuite> <!-- POMTestCases.ScriptPOM -->
