<?xml version="1.0" encoding="UTF-8"?>
<!-- Generated by org.testng.reporters.JUnitReportReporter -->
<testsuite hostname="LAPTOP-M3O83615" failures="0" tests="1" name="POMTestCases.POMTesting" time="11.793" errors="0" timestamp="2025-10-02T17:41:46 IST" skipped="0">
  <testcase classname="POMTestCases.POMTesting" name="Testing" time="11.793"/>
</testsuite> <!-- POMTestCases.POMTesting -->
