<?xml version="1.0" encoding="UTF-8"?>
<!-- Generated by org.testng.reporters.JUnitReportReporter -->
<testsuite hostname="LAPTOP-M3O83615" failures="0" tests="1" name="POMTestCases.POMTesting" time="3.780" errors="0" timestamp="2025-09-23T22:24:57 IST" skipped="0">
  <testcase classname="POMTestCases.POMTesting" name="Testing" time="3.780"/>
</testsuite> <!-- POMTestCases.POMTesting -->
