<?xml version="1.0" encoding="UTF-8"?>
<!-- Generated by org.testng.reporters.JUnitReportReporter -->
<testsuite hostname="LAPTOP-M3O83615" failures="0" tests="1" name="BasePack.BaseClass" time="1.614" errors="0" timestamp="2025-08-12T11:57:38 IST" skipped="0">
  <testcase classname="BasePack.BaseClass" name="login" time="1.614"/>
</testsuite> <!-- BasePack.BaseClass -->
