<?xml version="1.0" encoding="UTF-8"?>
<!-- Generated by org.testng.reporters.JUnitReportReporter -->
<testsuite hostname="LAPTOP-M3O83615" failures="0" tests="1" name="RunningOrangeHRM.ReusedMethods" time="1.547" errors="0" timestamp="2025-08-12T15:35:52 IST" skipped="0">
  <testcase classname="RunningOrangeHRM.ReusedMethods" name="testcases" time="1.547"/>
</testsuite> <!-- RunningOrangeHRM.ReusedMethods -->
